<?xml version="1.0" encoding="UTF-8"?>
<!-- Generated by org.testng.reporters.JUnitReportReporter -->
<testsuite hostname="TYSS-Sumanth-Chinivar" failures="0" tests="1" name="testCasesDWS.TC_DWS_AddToCart_003" time="4.514" errors="0" timestamp="2024-02-16T07:56:55 IST" skipped="0">
  <testcase classname="testCasesDWS.TC_DWS_AddToCart_003" name="addingProductToCartAndLogout" time="4.514"/>
  <system-out>
    <![CDATA[Browser is opened
Browser is maximized
URL is launched
Login page is diaplayed
Email id is entered
password is entered
User logged in successfully
User logged out successfully
Browser closed successfully]]>
  </system-out>
</testsuite> <!-- testCasesDWS.TC_DWS_AddToCart_003 -->
