<?xml version="1.0" encoding="UTF-8"?>
<!-- Generated by org.testng.reporters.JUnitReportReporter -->
<testsuite hostname="TYSS-Sumanth-Chinivar" failures="0" tests="1" name="testCasesDWS.TC_DWS_ClickOnShoppingCart_008" time="2.869" errors="0" timestamp="2024-02-16T08:33:36 IST" skipped="0">
  <testcase classname="testCasesDWS.TC_DWS_ClickOnShoppingCart_008" name="clickOnShoppingCart" time="2.869">
    <system-out>
      <![CDATA[Shopping cart page is displayed]]>
    </system-out>
  </testcase> <!-- clickOnShoppingCart -->
  <system-out>
    <![CDATA[Browser is opened
Browser is maximized
URL is launched
Login page is diaplayed
Email id is entered
password is entered
User logged in successfully
Shopping cart page is displayed
User logged out successfully
Browser closed successfully]]>
  </system-out>
</testsuite> <!-- testCasesDWS.TC_DWS_ClickOnShoppingCart_008 -->
