<?xml version="1.0" encoding="UTF-8"?>
<!-- Generated by org.testng.reporters.JUnitReportReporter -->
<testsuite hostname="TYSS-Sumanth-Chinivar" failures="0" tests="1" name="testCaseWithDependency.TestCase1" time="2.287" errors="0" timestamp="2024-02-16T07:37:01 IST" skipped="0">
  <testcase classname="testCaseWithDependency.TestCase1" name="demo" time="2.287">
    <system-out>
      <![CDATA[Maven is fun]]>
    </system-out>
  </testcase> <!-- demo -->
  <system-out>
    <![CDATA[Browser is opened
Browser is maximized
URL is launched
Login page is diaplayed
Email id is entered
password is entered
User logged in successfully
Maven is fun
User logged out successfully
Browser closed successfully]]>
  </system-out>
</testsuite> <!-- testCaseWithDependency.TestCase1 -->
