<?xml version="1.0" encoding="UTF-8"?>
<!-- Generated by org.testng.reporters.JUnitReportReporter -->
<testsuite hostname="TYSS-Sumanth-Chinivar" failures="0" tests="1" name="testCasesDWS.TC_DWS_AddToCart_007" time="4.415" errors="0" timestamp="2024-02-16T08:07:38 IST" skipped="0">
  <testcase classname="testCasesDWS.TC_DWS_AddToCart_007" name="addingProductToCartAndLogout" time="4.415">
    <system-out>
      <![CDATA[User clicked on add to cart button
Recepient name entered
Recipient email mismatch
Product added to cart successfully]]>
    </system-out>
  </testcase> <!-- addingProductToCartAndLogout -->
  <system-out>
    <![CDATA[Browser is opened
Browser is maximized
URL is launched
Login page is diaplayed
Email id is entered
password is entered
User logged in successfully
User clicked on add to cart button
Recepient name entered
Recipient email mismatch
Product added to cart successfully
User logged out successfully
Browser closed successfully]]>
  </system-out>
</testsuite> <!-- testCasesDWS.TC_DWS_AddToCart_007 -->
